{"numFailedTestSuites":0,"numFailedTests":0,"numPassedTestSuites":1,"numPassedTests":2,"numPendingTestSuites":0,"numPendingTests":0,"numRuntimeErrorTestSuites":0,"numTodoTests":0,"numTotalTestSuites":1,"numTotalTests":2,"openHandles":[],"snapshot":{"added":0,"didUpdate":false,"failure":false,"filesAdded":0,"filesRemoved":0,"filesRemovedList":[],"filesUnmatched":0,"filesUpdated":0,"matched":0,"total":0,"unchecked":0,"uncheckedKeysByFile":[],"unmatched":0,"updated":0},"startTime":1761394072002,"success":true,"testResults":[{"assertionResults":[{"ancestorTitles":["CLI integration (McpWrapper)"],"duration":1,"failureDetails":[],"failureMessages":[],"fullName":"CLI integration (McpWrapper) runs help without throwing and prints loaded modules","invocations":1,"location":null,"numPassingAsserts":2,"retryReasons":[],"status":"passed","title":"runs help without throwing and prints loaded modules"},{"ancestorTitles":["CLI integration (McpWrapper)"],"duration":1,"failureDetails":[],"failureMessages":[],"fullName":"CLI integration (McpWrapper) runs list command and doesn't crash","invocations":1,"location":null,"numPassingAsserts":2,"retryReasons":[],"status":"passed","title":"runs list command and doesn't crash"}],"endTime":1761394072106,"message":"","name":"/home/tvenceslau/local-workspace/decaf-ts/mcp-server/tests/integration/cli.integration.test.ts","startTime":1761394072027,"status":"passed","summary":""}],"wasInterrupted":false}
